Determining if the pthread_create exist failed with the following output:
Change Dir: /home/yujie6/Music/ARCH/Arch2019/RiscV-CPU/serial/CMakeFiles/CMakeTmp

Run Build Command:"/usr/bin/make" "cmTC_aadb2/fast"
/usr/bin/make -f CMakeFiles/cmTC_aadb2.dir/build.make CMakeFiles/cmTC_aadb2.dir/build
make[1]: 进入目录“/home/yujie6/Music/ARCH/Arch2019/RiscV-CPU/serial/CMakeFiles/CMakeTmp”
Building C object CMakeFiles/cmTC_aadb2.dir/CheckSymbolExists.c.o
/usr/bin/cc    -o CMakeFiles/cmTC_aadb2.dir/CheckSymbolExists.c.o   -c /home/yujie6/Music/ARCH/Arch2019/RiscV-CPU/serial/CMakeFiles/CMakeTmp/CheckSymbolExists.c
Linking C executable cmTC_aadb2
/usr/bin/cmake -E cmake_link_script CMakeFiles/cmTC_aadb2.dir/link.txt --verbose=1
/usr/bin/cc      -rdynamic CMakeFiles/cmTC_aadb2.dir/CheckSymbolExists.c.o  -o cmTC_aadb2 
/usr/bin/ld: CMakeFiles/cmTC_aadb2.dir/CheckSymbolExists.c.o: in function `main':
CheckSymbolExists.c:(.text+0x1b): undefined reference to `pthread_create'
collect2: error: ld returned 1 exit status
make[1]: *** [CMakeFiles/cmTC_aadb2.dir/build.make:87：cmTC_aadb2] 错误 1
make[1]: 离开目录“/home/yujie6/Music/ARCH/Arch2019/RiscV-CPU/serial/CMakeFiles/CMakeTmp”
make: *** [Makefile:121：cmTC_aadb2/fast] 错误 2

File /home/yujie6/Music/ARCH/Arch2019/RiscV-CPU/serial/CMakeFiles/CMakeTmp/CheckSymbolExists.c:
/* */
#include <pthread.h>

int main(int argc, char** argv)
{
  (void)argv;
#ifndef pthread_create
  return ((int*)(&pthread_create))[argc];
#else
  (void)argc;
  return 0;
#endif
}

Determining if the function pthread_create exists in the pthreads failed with the following output:
Change Dir: /home/yujie6/Music/ARCH/Arch2019/RiscV-CPU/serial/CMakeFiles/CMakeTmp

Run Build Command:"/usr/bin/make" "cmTC_31500/fast"
/usr/bin/make -f CMakeFiles/cmTC_31500.dir/build.make CMakeFiles/cmTC_31500.dir/build
make[1]: 进入目录“/home/yujie6/Music/ARCH/Arch2019/RiscV-CPU/serial/CMakeFiles/CMakeTmp”
Building C object CMakeFiles/cmTC_31500.dir/CheckFunctionExists.c.o
/usr/bin/cc   -DCHECK_FUNCTION_EXISTS=pthread_create   -o CMakeFiles/cmTC_31500.dir/CheckFunctionExists.c.o   -c /usr/share/cmake-3.13/Modules/CheckFunctionExists.c
Linking C executable cmTC_31500
/usr/bin/cmake -E cmake_link_script CMakeFiles/cmTC_31500.dir/link.txt --verbose=1
/usr/bin/cc  -DCHECK_FUNCTION_EXISTS=pthread_create    -rdynamic CMakeFiles/cmTC_31500.dir/CheckFunctionExists.c.o  -o cmTC_31500 -lpthreads 
/usr/bin/ld: 找不到 -lpthreads
collect2: error: ld returned 1 exit status
make[1]: *** [CMakeFiles/cmTC_31500.dir/build.make:87：cmTC_31500] 错误 1
make[1]: 离开目录“/home/yujie6/Music/ARCH/Arch2019/RiscV-CPU/serial/CMakeFiles/CMakeTmp”
make: *** [Makefile:121：cmTC_31500/fast] 错误 2


