LD PATH is :/usr/local/lib
RAM size: 14a8
13 01 01 fd 23 22 91 02 23 20 21 03 23 24 81 01 
37 19 00 00 b7 14 00 00 37 5c 05 00 23 24 81 02 
23 2e 31 01 23 2c 41 01 23 2a 51 01 23 28 61 01 
23 26 71 01 23 22 91 01 23 20 a1 01 23 26 11 02 
INPUT size: 3
31 30 0a 00 00 00 00 00 00 00 00 00 00 00 00 00 
initialized UART port on: /dev/ttyUSB1
55 41 52 54 
55 41 52 54 
uploading RAM: 14a8 blks:6
blk:0 ofs:0000
blk:1 ofs:0400
blk:2 ofs:0800
blk:3 ofs:0c00
blk:4 ofs:1000
blk:5 ofs:1400
RAM uploaded
uploading INPUT: 3 blks:1
blk:0 ofs:0000
INPUT uploaded
Enter r to run, q to quit, p to get cpu PC(demo)
CPU start
move A --> B
move A --> C
move B --> C
move A --> B
move C --> A
move C --> B
move A --> B
move A --> C
move B --> C
move B --> A
move C --> A
move B --> C
move A --> B
move A --> C
move B --> C
move A --> B
move C --> A
move C --> B
move A --> B
move C --> A
move B --> C
move B --> A
move C --> A
move C --> B
move A --> B
move A --> C
move B --> C
move A --> B
move C --> A
move C --> B
move A --> B
move A --> C
move B --> C
move B --> A
move C --> A
move B --> C
move A --> B
move A --> C
move B --> C
move B --> A
move C --> A
move C --> B
move A --> B
move C --> A
move B --> C
move B --> A
move C --> A
move B --> C
move A --> B
move A --> C
move B --> C
move A --> B
move C --> A
move C --> B
move A --> B
move A --> C
move B --> C
move B --> A
move C --> A
move B --> C
move A --> B
move A --> C
move B --> C
move A --> B
move C --> A
move C --> B
move A --> B
move C --> A
move B --> C
move B --> A
move C --> A
move C --> B
move A --> B
move A --> C
move B --> C
move A --> B
move C --> A
move C --> B
move A --> B
move C --> A
move B --> C
move B --> A
move C --> A
move B --> C
move A --> B
move A --> C
move B --> C
move B --> A
move C --> A
move C --> B
move A --> B
move C --> A
move B --> C
move B --> A
move C --> A
move C --> B
move A --> B
move A --> C
move B --> C
move A --> B
move C --> A
move C --> B
move A --> B
move A --> C
move B --> C
move B --> A
move C --> A
move B --> C
move A --> B
move A --> C
move B --> C
move A --> B
move C --> A
move C --> B
move A --> B
move C --> A
move B --> C
move B --> A
move C --> A
move C --> B
move A --> B
move A --> C
move B --> C
move A --> B
move C --> A
move C --> B
move A --> B
move A --> C
move B --> C
move B --> A
move C --> A
move B --> C
move A --> B
move A --> C
move B --> C
move B --> A
move C --> A
move C --> B
move A --> B
move C --> A
move B --> C
move B --> A
move C --> A
move B --> C
move A --> B
move A --> C
move B --> C
move A --> B
move C --> A
move C --> B
move A --> B
move A --> C
move B --> C
move B --> A
move C --> A
move B --> C
move A --> B
move A --> C
move B --> C
move B --> A
move C --> A
move C --> B
move A --> B
move C --> A
move B --> C
move B --> A
move C --> A
move C --> B
move A --> B
move A --> C
move B --> C
move A --> B
move C --> A
move C --> B
move A --> B
move C --> A
move B --> C
move B --> A
move C --> A
move B --> C
move A --> B
move A --> C
move B --> C
move B --> A
move C --> A
move C --> B
move A --> B
move C --> A
move B --> C
move B --> A
move C --> A
move B --> C
move A --> B
move A --> C
move B --> C
move A --> B
move C --> A
move C --> B
move A --> B
move A --> C
move B --> C
move B --> A
move C --> A
move B --> C
move A --> B
move A --> C
move B --> C
move A --> B
move C --> A
move C --> B
move A --> B
move C --> A
move B --> C
move B --> A
move C --> A
move C --> B
move A --> B
move A --> C
move B --> C
move A --> B
move C --> A
move C --> B
move A --> B
move A --> C
move B --> C
move B --> A
move C --> A
move B --> C
move A --> B
move A --> C
move B --> C
move B --> A
move C --> A
move C --> B
move A --> B
move C --> A
move B --> C
move B --> A
move C --> A
move B --> C
move A --> B
move A --> C
move B --> C
move A --> B
move C --> A
move C --> B
move A --> B
move A --> C
move B --> C
move B --> A
move C --> A
move B --> C
move A --> B
move A --> C
move B --> C
move A --> B
move C --> A
move C --> B
move A --> B
move C --> A
move B --> C
move B --> A
move C --> A
move C --> B
move A --> B
move A --> C
move B --> C
move A --> B
move C --> A
move C --> B
move A --> B
move C --> A
move B --> C
move B --> A
move C --> A
move B --> C
move A --> B
move A --> C
move B --> C
move B --> A
move C --> A
move C --> B
move A --> B
move C --> A
move B --> C
move B --> A
move C --> A
move C --> B
move A --> B
move A --> C
move B --> C
move A --> B
move C --> A
move C --> B
move A --> B
move A --> C
move B --> C
move B --> A
move C --> A
move B --> C
move A --> B
move A --> C
move B --> C
move A --> B
move C --> A
move C --> B
move A --> B
move C --> A
move B --> C
move B --> A
move C --> A
move C --> B
move A --> B
move A --> C
move B --> C
move A --> B
move C --> A
move C --> B
move A --> B
move C --> A
move B --> C
move B --> A
move C --> A
move B --> C
move A --> B
move A --> C
move B --> C
move B --> A
move C --> A
move C --> B
move A --> B
move C --> A
move B --> C
move B --> A
move C --> A
move B --> C
move A --> B
move A --> C
move B --> C
move A --> B
move C --> A
move C --> B
move A --> B
move A --> C
move B --> C
move B --> A
move C --> A
move B --> C
move A --> B
move A --> C
move B --> C
move B --> A
move C --> A
move C --> B
move A --> B
move C --> A
move B --> C
move B --> A
move C --> A
move C --> B
move A --> B
move A --> C
move B --> C
move A --> B
move C --> A
move C --> B
move A --> B
move C --> A
move B --> C
move B --> A
move C --> A
move B --> C
move A --> B
move A --> C
move B --> C
move B --> A
move C --> A
move C --> B
move A --> B
move C --> A
move B --> C
move B --> A
move C --> A
move C --> B
move A --> B
move A --> C
move B --> C
move A --> B
move C --> A
move C --> B
move A --> B
move A --> C
move B --> C
move B --> A
move C --> A
move B --> C
move A --> B
move A --> C
move B --> C
move A --> B
move C --> A
move C --> B
move A --> B
move C --> A
move B --> C
move B --> A
move C --> A
move C --> B
move A --> B
move A --> C
move B --> C
move A --> B
move C --> A
move C --> B
move A --> B
move A --> C
move B --> C
move B --> A
move C --> A
move B --> C
move A --> B
move A --> C
move B --> C
move B --> A
move C --> A
move C --> B
move A --> B
move C --> A
move B --> C
move B --> A
move C --> A
move B --> C
move A --> B
move A --> C
move B --> C
move A --> B
move C --> A
move C --> B
move A --> B
move A --> C
move B --> C
move B --> A
move C --> A
move B --> C
move A --> B
move A --> C
move B --> C
move A --> B
move C --> A
move C --> B
move A --> B
move C --> A
move B --> C
move B --> A
move C --> A
move C --> B
move A --> B
move A --> C
move B --> C
move A --> B
move C --> A
move C --> B
move A --> B
move C --> A
move B --> C
move B --> A
move C --> A
move B --> C
move A --> B
move A --> C
move B --> C
move B --> A
move C --> A
move C --> B
move A --> B
move C --> A
move B --> C
move B --> A
move C --> A
move C --> B
move A --> B
move A --> C
move B --> C
move A --> B
move C --> A
move C --> B
move A --> B
move A --> C
move B --> C
move B --> A
move C --> A
move B --> C
move A --> B
move A --> C
move B --> C
move A --> B
move C --> A
move C --> B
move A --> B
move C --> A
move B --> C
move B --> A
move C --> A
move C --> B
move A --> B
move A --> C
move B --> C
move A --> B
move C --> A
move C --> B
move A --> B
move A --> C
move B --> C
move B --> A
move C --> A
move B --> C
move A --> B
move A --> C
move B --> C
move B --> A
move C --> A
move C --> B
move A --> B
move C --> A
move B --> C
move B --> A
move C --> A
move B --> C
move A --> B
move A --> C
move B --> C
move A --> B
move C --> A
move C --> B
move A --> B
move A --> C
move B --> C
move B --> A
move C --> A
move B --> C
move A --> B
move A --> C
move B --> C
move B --> A
move C --> A
move C --> B
move A --> B
move C --> A
move B --> C
move B --> A
move C --> A
move C --> B
move A --> B
move A --> C
move B --> C
move A --> B
move C --> A
move C --> B
move A --> B
move C --> A
move B --> C
move B --> A
move C --> A
move B --> C
move A --> B
move A --> C
move B --> C
move B --> A
move C --> A
move C --> B
move A --> B
move C --> A
move B --> C
move B --> A
move C --> A
move B --> C
move A --> B
move A --> C
move B --> C
move A --> B
move C --> A
move C --> B
move A --> B
move A --> C
move B --> C
move B --> A
move C --> A
move B --> C
move A --> B
move A --> C
move B --> C
move A --> B
move C --> A
move C --> B
move A --> B
move C --> A
move B --> C
move B --> A
move C --> A
move C --> B
move A --> B
move A --> C
move B --> C
move A --> B
move C --> A
move C --> B
move A --> B
move A --> C
move B --> C
move B --> A
move C --> A
move B --> C
move A --> B
move A --> C
move B --> C
move B --> A
move C --> A
move C --> B
move A --> B
move C --> A
move B --> C
move B --> A
move C --> A
move B --> C
move A --> B
move A --> C
move B --> C
move A --> B
move C --> A
move C --> B
move A --> B
move A --> C
move B --> C
move B --> A
move C --> A
move B --> C
move A --> B
move A --> C
move B --> C
move B --> A
move C --> A
move C --> B
move A --> B
move C --> A
move B --> C
move B --> A
move C --> A
move C --> B
move A --> B
move A --> C
move B --> C
move A --> B
move C --> A
move C --> B
move A --> B
move C --> A
move B --> C
move B --> A
move C --> A
move B --> C
move A --> B
move A --> C
move B --> C
move B --> A
move C --> A
move C --> B
move A --> B
move C --> A
move B --> C
move B --> A
move C --> A
move C --> B
move A --> B
move A --> C
move B --> C
move A --> B
move C --> A
move C --> B
move A --> B
move A --> C
move B --> C
move B --> A
move C --> A
move B --> C
move A --> B
move A --> C
move B --> C
move A --> B
move C --> A
move C --> B
move A --> B
move C --> A
move B --> C
move B --> A
move C --> A
move C --> B
move A --> B
move A --> C
move B --> C
move A --> B
move C --> A
move C --> B
move A --> B
move C --> A
move B --> C
move B --> A
move C --> A
move B --> C
move A --> B
move A --> C
move B --> C
move B --> A
move C --> A
move C --> B
move A --> B
move C --> A
move B --> C
move B --> A
move C --> A
move B --> C
move A --> B
move A --> C
move B --> C
move A --> B
move C --> A
move C --> B
move A --> B
move A --> C
move B --> C
move B --> A
move C --> A
move B --> C
move A --> B
move A --> C
move B --> C
move B --> A
move C --> A
move C --> B
move A --> B
move C --> A
move B --> C
move B --> A
move C --> A
move C --> B
move A --> B
move A --> C
move B --> C
move A --> B
move C --> A
move C --> B
move A --> B
move C --> A
move B --> C
move B --> A
move C --> A
move B --> C
move A --> B
move A --> C
move B --> C
move B --> A
move C --> A
move C --> B
move A --> B
move C --> A
move B --> C
move B --> A
move C --> A
move B --> C
move A --> B
move A --> C
move B --> C
move A --> B
move C --> A
move C --> B
move A --> B
move A --> C
move B --> C
move B --> A
move C --> A
move B --> C
move A --> B
move A --> C
move B --> C
move A --> B
move C --> A
move C --> B
move A --> B
move C --> A
move B --> C
move B --> A
move C --> A
move C --> B
move A --> B
move A --> C
move B --> C
move A --> B
move C --> A
move C --> B
move A --> B
move A --> C
move B --> C
move B --> A
move C --> A
move B --> C
move A --> B
move A --> C
move B --> C
move B --> A
move C --> A
move C --> B
move A --> B
move C --> A
move B --> C
move B --> A
move C --> A
move B --> C
move A --> B
move A --> C
move B --> C
move A --> B
move C --> A
move C --> B
move A --> B
move A --> C
move B --> C
move B --> A
move C --> A
move B --> C
move A --> B
move A --> C
move B --> C
move A --> B
move C --> A
move C --> B
move A --> B
move C --> A
move B --> C
move B --> A
move C --> A
move C --> B
move A --> B
move A --> C
move B --> C
move A --> B
move C --> A
move C --> B
move A --> B
move C --> A
move B --> C
move B --> A
move C --> A
move B --> C
move A --> B
move A --> C
move B --> C
move B --> A
move C --> A
move C --> B
move A --> B
move C --> A
move B --> C
move B --> A
move C --> A
move C --> B
move A --> B
move A --> C
move B --> C
move A --> B
move C --> A
move C --> B
move A --> B
move A --> C
move B --> C
move B --> A
move C --> A
move B --> C
move A --> B
move A --> C
move B --> C
move A --> B
move C --> A
move C --> B
move A --> B
move C --> A
move B --> C
move B --> A
move C --> A
move C --> B
move A --> B
move A --> C
move B --> C
move A --> B
move C --> A
move C --> B
move A --> B
move A --> C
move B --> C
move B --> A
move C --> A
move B --> C
move A --> B
move A --> C
move B --> C
move B --> A
move C --> A
move C --> B
move A --> B
move C --> A
move B --> C
move B --> A
move C --> A
move B --> C
move A --> B
move A --> C
move B --> C
move A --> B
move C --> A
move C --> B
move A --> B
move A --> C
move B --> C
move B --> A
move C --> A
move B --> C
move A --> B
move A --> C
move B --> C
move B --> A
move C --> A
move C --> B
move A --> B
move C --> A
move B --> C
move B --> A
move C --> A
move C --> B
move A --> B
move A --> C
move B --> C
move A --> B
move C --> A
move C --> B
move A --> B
move C --> A
move B --> C
move B --> A
move C --> A
move B --> C
move A --> B
move A --> C
move B --> C
move B --> A
move C --> A
move C --> B
move A --> B
move C --> A
move B --> C
move B --> A
move C --> A
move B --> C
move A --> B
move A --> C
move B --> C
move A --> B
move C --> A
move C --> B
move A --> B
move A --> C
move B --> C
move B --> A
move C --> A
move B --> C
move A --> B
move A --> C
move B --> C
move A --> B
move C --> A
move C --> B
move A --> B
move C --> A
move B --> C
move B --> A
move C --> A
move C --> B
move A --> B
move A --> C
move B --> C
move A --> B
move C --> A
move C --> B
move A --> B
move A --> C
move B --> C
move B --> A
move C --> A
move B --> C
move A --> B
move A --> C
move B --> C
move B --> A
move C --> A
move C --> B
move A --> B
move C --> A
move B --> C
move B --> A
move C --> A
move B --> C
move A --> B
move A --> C
move B --> C
move A --> B
move C --> A
move C --> B
move A --> B
move A --> C
move B --> C
move B --> A
move C --> A
move B --> C
move A --> B
move A --> C
move B --> C
1023
 
CPU returned with running time: 3.360706
